<?xml version="1.0" encoding="UTF-8" standalone="no"?>
<testsuite errors="0" failures="0" name="io.cucumber.core.plugin.JUnitFormatter" skipped="0" tests="1" time="18.125">
<testcase classname="To test OrangeHRM" name="To validate login" time="17.726">
<system-out><![CDATA[Given Open browser..........................................................passed
When Enter username.........................................................passed
And Enter pwd...............................................................passed
And Click on loginbutton....................................................passed
Then Login should be successfull............................................passed
]]></system-out>
</testcase>
</testsuite>
